#
# A fatal error has been detected by the Java Runtime Environment:
#
#  EXCEPTION_ACCESS_VIOLATION (0xc0000005) at pc=0x573fe302, pid=5660, tid=0x00001f8c
#
# JRE version: OpenJDK Runtime Environment (8.0_152-b01) (build 1.8.0_152-release-915-b01)
# Java VM: OpenJDK Server VM (25.152-b01 mixed mode windows-x86 )
# Problematic frame:
# C  0x573fe302
#
# Failed to write core dump. Minidumps are not enabled by default on client versions of Windows
#
# If you would like to submit a bug report, please visit:
#   http://bugreport.java.com/bugreport/crash.jsp
# The crash happened outside the Java Virtual Machine in native code.
# See problematic frame for where to report the bug.
#

---------------  T H R E A D  ---------------

Current thread (0x54eca400):  JavaThread "ForkJoinPool.commonPool-worker-1" daemon [_thread_in_native, id=8076, stack(0x58850000,0x588a0000)]

siginfo: ExceptionCode=0xc0000005, reading address 0x00000004

Registers:
EAX=0x00000004, EBX=0x54eca530, ECX=0x00000000, EDX=0x575f07ec
ESP=0x5889f418, EBP=0x5889f448, ESI=0x5889f468, EDI=0x51f525d8
EIP=0x573fe302, EFLAGS=0x00010202

Top of Stack: (sp=0x5889f418)
0x5889f418:   5889f500 00000000 5a16cbb4 5a16cc7c
0x5889f428:   533f2b90 00000000 00000002 534ea474
0x5889f438:   58753a58 58753a58 5889f474 5889f480
0x5889f448:   5889f4a8 6396753d 573fe3c0 534ea080
0x5889f458:   534ea088 534ea474 000003ec 01b5be7d
0x5889f468:   00000000 00000000 00000000 5889f49c
0x5889f478:   59da0620 54eca400 00000006 00000008
0x5889f488:   54eca400 58753a50 58753a58 58753a58 

Instructions: (pc=0x573fe302)
0x573fe2e2:   02 00 ca 3b 2b 48 73 74 61 72 74 43 6f 6c 75 6d
0x573fe2f2:   6e 73 00 00 00 00 af 57 b4 22 00 00 00 88 0c 00
0x573fe302:   02 00 ca 6f 62 0e 73 74 61 72 74 4f 66 66 73 65
0x573fe312:   74 73 00 00 00 00 93 57 b4 22 00 00 00 88 0a 00 


Register to memory mapping:

EAX=0x00000004 is an unknown value
EBX=0x54eca530 is an unknown value
ECX=0x00000000 is an unknown value
EDX=0x575f07ec is an unknown value
ESP=0x5889f418 is pointing into the stack for thread: 0x54eca400
EBP=0x5889f448 is pointing into the stack for thread: 0x54eca400
ESI=0x5889f468 is pointing into the stack for thread: 0x54eca400
EDI=0x51f525d8 is an unknown value


Stack: [0x58850000,0x588a0000],  sp=0x5889f418,  free space=317k
Native frames: (J=compiled Java code, j=interpreted, Vv=VM code, C=native code)
C  0x573fe302
C  [libaapt2_jni.dll+0x2753d]
j  com.android.tools.aapt2.Aapt2Jni.nativeCompile(Ljava/util/List;Lcom/android/tools/aapt2/Aapt2JniLogCallback;)I+0
j  com.android.tools.aapt2.Aapt2Jni.compile(Ljava/util/List;)Lcom/android/tools/aapt2/Aapt2Result;+6
j  com.android.builder.internal.aapt.v2.AaptV2Jni.lambda$compile$0(Lcom/android/ide/common/res2/CompileResourceRequest;)Ljava/io/File;+10
j  com.android.builder.internal.aapt.v2.AaptV2Jni$$Lambda$288.call()Ljava/lang/Object;+8
j  java.util.concurrent.ForkJoinTask$AdaptedCallable.exec()Z+5
j  java.util.concurrent.ForkJoinTask.doExec()I+10
j  java.util.concurrent.ForkJoinPool$WorkQueue.runTask(Ljava/util/concurrent/ForkJoinTask;)V+21
j  java.util.concurrent.ForkJoinPool.runWorker(Ljava/util/concurrent/ForkJoinPool$WorkQueue;)V+35
j  java.util.concurrent.ForkJoinWorkerThread.run()V+24
v  ~StubRoutines::call_stub
V  [jvm.dll+0x152875]
V  [jvm.dll+0x21e2ce]
V  [jvm.dll+0x15290e]
V  [jvm.dll+0x152a96]
V  [jvm.dll+0x152b07]
V  [jvm.dll+0xefecf]
V  [jvm.dll+0x176bc0]
V  [jvm.dll+0x1773fb]
V  [jvm.dll+0x1b6616]
C  [msvcr100.dll+0x5c556]
C  [msvcr100.dll+0x5c600]
C  [kernel32.dll+0x4ed6c]
C  [ntdll.dll+0x637f5]
C  [ntdll.dll+0x637c8]
C  0x00000000

Java frames: (J=compiled Java code, j=interpreted, Vv=VM code)
j  com.android.tools.aapt2.Aapt2Jni.nativeCompile(Ljava/util/List;Lcom/android/tools/aapt2/Aapt2JniLogCallback;)I+0
j  com.android.tools.aapt2.Aapt2Jni.compile(Ljava/util/List;)Lcom/android/tools/aapt2/Aapt2Result;+6
j  com.android.builder.internal.aapt.v2.AaptV2Jni.lambda$compile$0(Lcom/android/ide/common/res2/CompileResourceRequest;)Ljava/io/File;+10
j  com.android.builder.internal.aapt.v2.AaptV2Jni$$Lambda$288.call()Ljava/lang/Object;+8
j  java.util.concurrent.ForkJoinTask$AdaptedCallable.exec()Z+5
j  java.util.concurrent.ForkJoinTask.doExec()I+10
j  java.util.concurrent.ForkJoinPool$WorkQueue.runTask(Ljava/util/concurrent/ForkJoinTask;)V+21
j  java.util.concurrent.ForkJoinPool.runWorker(Ljava/util/concurrent/ForkJoinPool$WorkQueue;)V+35
j  java.util.concurrent.ForkJoinWorkerThread.run()V+24
v  ~StubRoutines::call_stub

---------------  P R O C E S S  ---------------

Java Threads: ( => current thread )
=>0x54eca400 JavaThread "ForkJoinPool.commonPool-worker-1" daemon [_thread_in_native, id=8076, stack(0x58850000,0x588a0000)]
  0x52de2800 JavaThread "Worker Daemon Execution Thread 7" [_thread_blocked, id=7248, stack(0x58b20000,0x58b70000)]
  0x52de2000 JavaThread "Worker Daemon Execution Thread 6" [_thread_blocked, id=5328, stack(0x58aa0000,0x58af0000)]
  0x52de1c00 JavaThread "Worker Daemon Execution Thread 5" [_thread_blocked, id=7220, stack(0x58a50000,0x58aa0000)]
  0x52de1400 JavaThread "Worker Daemon Execution Thread 4" [_thread_blocked, id=5644, stack(0x589e0000,0x58a30000)]
  0x52de1000 JavaThread "Worker Daemon Execution Thread 3" [_thread_blocked, id=2900, stack(0x58900000,0x58950000)]
  0x52de0800 JavaThread "Worker Daemon Execution Thread 2" [_thread_blocked, id=4064, stack(0x51810000,0x51860000)]
  0x52de0000 JavaThread "Worker Daemon Execution" [_thread_in_native, id=4308, stack(0x588a0000,0x588f0000)]
  0x52ddfc00 JavaThread "Cache worker for task history cache (I:\AndroidStudioApp\SimpleSpeedmeter\.gradle\4.1\taskHistory)" [_thread_blocked, id=4860, stack(0x58680000,0x586d0000)]
  0x52ddf400 JavaThread "build operations" [_thread_blocked, id=5608, stack(0x56170000,0x561c0000)]
  0x52ddf000 JavaThread "Cache worker for Artifact transforms cache (D:\Android\.gradle\caches\transforms-1)" [_thread_blocked, id=7996, stack(0x586e0000,0x58730000)]
  0x52dde400 JavaThread "Cache worker for file hash cache (I:\AndroidStudioApp\SimpleSpeedmeter\.gradle\4.1\fileHashes)" [_thread_blocked, id=6604, stack(0x54bd0000,0x54c20000)]
  0x52dde800 JavaThread "Stdin handler" [_thread_blocked, id=8140, stack(0x540c0000,0x54110000)]
  0x52ddc400 JavaThread "Asynchronous log dispatcher for DefaultDaemonConnection: socket connection from /127.0.0.1:13656 to /127.0.0.1:13662" [_thread_blocked, id=7672, stack(0x53fd0000,0x54020000)]
  0x52ddd000 JavaThread "Cancel handler" [_thread_blocked, id=5356, stack(0x54050000,0x540a0000)]
  0x52ddb800 JavaThread "Handler for socket connection from /127.0.0.1:13656 to /127.0.0.1:13662" [_thread_in_native, id=7168, stack(0x53f60000,0x53fb0000)]
  0x52dddc00 JavaThread "Memory manager" [_thread_blocked, id=6744, stack(0x56120000,0x56170000)]
  0x53806800 JavaThread "File lock request listener" [_thread_in_native, id=4452, stack(0x54430000,0x54480000)]
  0x532d5400 JavaThread "Cache worker for file hash cache (D:\Android\.gradle\caches\4.1\fileHashes)" [_thread_blocked, id=5920, stack(0x543b0000,0x54400000)]
  0x52969000 JavaThread "Daemon worker" [_thread_blocked, id=7256, stack(0x10fb0000,0x11000000)]
  0x5294a400 JavaThread "Daemon" [_thread_blocked, id=1284, stack(0x10ed0000,0x10f20000)]
  0x51f25c00 JavaThread "Daemon periodic checks" [_thread_blocked, id=5636, stack(0x53cd0000,0x53d20000)]
  0x51ed3800 JavaThread "Incoming local TCP Connector on port 13656" [_thread_in_native, id=6332, stack(0x53b80000,0x53bd0000)]
  0x5165cc00 JavaThread "Service Thread" daemon [_thread_blocked, id=3916, stack(0x51b10000,0x51b60000)]
  0x51611400 JavaThread "C1 CompilerThread1" daemon [_thread_blocked, id=3332, stack(0x517c0000,0x51810000)]
  0x51608800 JavaThread "C2 CompilerThread0" daemon [_thread_blocked, id=7496, stack(0x51ba0000,0x51bf0000)]
  0x51601800 JavaThread "Attach Listener" daemon [_thread_blocked, id=8088, stack(0x51aa0000,0x51af0000)]
  0x51600800 JavaThread "Signal Dispatcher" daemon [_thread_blocked, id=6048, stack(0x518b0000,0x51900000)]
  0x515f1400 JavaThread "Finalizer" daemon [_thread_blocked, id=7548, stack(0x51910000,0x51960000)]
  0x515cbc00 JavaThread "Reference Handler" daemon [_thread_blocked, id=3596, stack(0x51860000,0x518b0000)]
  0x00825000 JavaThread "main" [_thread_blocked, id=8008, stack(0x00990000,0x009e0000)]

Other Threads:
  0x515c1800 VMThread [stack: 0x10f30000,0x10f80000] [id=1028]
  0x5165e000 WatcherThread [stack: 0x51a20000,0x51a70000] [id=6756]

VM state:not at safepoint (normal execution)

VM Mutex/Monitor currently owned by a thread: None

Heap:
 def new generation   total 31936K, used 12371K [0x11000000, 0x132a0000, 0x26550000)
  eden space 28416K,  32% used [0x11000000, 0x118f26e8, 0x12bc0000)
  from space 3520K,  91% used [0x12bc0000, 0x12ee25a0, 0x12f30000)
  to   space 3520K,   0% used [0x12f30000, 0x12f30000, 0x132a0000)
 tenured generation   total 70760K, used 54370K [0x26550000, 0x2aa6a000, 0x51000000)
   the space 70760K,  76% used [0x26550000, 0x29a68850, 0x29a68a00, 0x2aa6a000)
 Metaspace       used 43513K, capacity 44783K, committed 44928K, reserved 45440K

Card table byte_map: [0x00cb0000,0x00ec0000] byte_map_base: 0x00c28000

Polling page: 0x00480000

CodeCache: size=245760Kb used=25443Kb max_used=25475Kb free=220316Kb
 bounds [0x01b10000, 0x03408000, 0x10b10000]
 total_blobs=9300 nmethods=8821 adapters=401
 compilation: enabled

Compilation events (10 events):
Event: 205.663 Thread 0x51608800 10328 %     4       sun.nio.cs.UTF_8$Encoder::encodeArrayLoop @ 73 (489 bytes)
Event: 205.685 Thread 0x51608800 nmethod 10328% 0x02937848 code [0x029379e0, 0x0293836c]
Event: 205.711 Thread 0x51608800 10329       4       sun.nio.cs.UTF_8$Encoder::encodeArrayLoop (489 bytes)
Event: 205.729 Thread 0x51608800 nmethod 10329 0x030eb988 code [0x030ebb20, 0x030ec30c]
Event: 205.997 Thread 0x51611400 10330 %     3       sun.nio.cs.UTF_8$Encoder::encodeArrayLoop @ 109 (489 bytes)
Event: 206.002 Thread 0x51611400 nmethod 10330% 0x030e5b08 code [0x030e6040, 0x030e8f54]
Event: 206.003 Thread 0x51611400 10331       3       sun.nio.cs.UTF_8$Encoder::encodeArrayLoop (489 bytes)
Event: 206.008 Thread 0x51611400 nmethod 10331 0x030e05c8 code [0x030e0ae0, 0x030e35b4]
Event: 206.010 Thread 0x51608800 10332       4       sun.nio.cs.UTF_8$Encoder::encodeArrayLoop (489 bytes)
Event: 206.030 Thread 0x51608800 nmethod 10332 0x030df348 code [0x030df4c0, 0x030dfe18]

GC Heap History (10 events):
Event: 156.515 GC heap before
{Heap before GC invocations=81 (full 4):
 def new generation   total 31936K, used 31936K [0x11000000, 0x132a0000, 0x26550000)
  eden space 28416K, 100% used [0x11000000, 0x12bc0000, 0x12bc0000)
  from space 3520K, 100% used [0x12f30000, 0x132a0000, 0x132a0000)
  to   space 3520K,   0% used [0x12bc0000, 0x12bc0000, 0x12f30000)
 tenured generation   total 70760K, used 43049K [0x26550000, 0x2aa6a000, 0x51000000)
   the space 70760K,  60% used [0x26550000, 0x28f5a550, 0x28f5a600, 0x2aa6a000)
 Metaspace       used 41290K, capacity 42560K, committed 42624K, reserved 43392K
Event: 156.544 GC heap after
Heap after GC invocations=82 (full 4):
 def new generation   total 31936K, used 2142K [0x11000000, 0x132a0000, 0x26550000)
  eden space 28416K,   0% used [0x11000000, 0x11000000, 0x12bc0000)
  from space 3520K,  60% used [0x12bc0000, 0x12dd7bb0, 0x12f30000)
  to   space 3520K,   0% used [0x12f30000, 0x12f30000, 0x132a0000)
 tenured generation   total 70760K, used 45676K [0x26550000, 0x2aa6a000, 0x51000000)
   the space 70760K,  64% used [0x26550000, 0x291eb038, 0x291eb200, 0x2aa6a000)
 Metaspace       used 41290K, capacity 42560K, committed 42624K, reserved 43392K
}
Event: 161.369 GC heap before
{Heap before GC invocations=82 (full 4):
 def new generation   total 31936K, used 30558K [0x11000000, 0x132a0000, 0x26550000)
  eden space 28416K, 100% used [0x11000000, 0x12bc0000, 0x12bc0000)
  from space 3520K,  60% used [0x12bc0000, 0x12dd7bb0, 0x12f30000)
  to   space 3520K,   0% used [0x12f30000, 0x12f30000, 0x132a0000)
 tenured generation   total 70760K, used 45676K [0x26550000, 0x2aa6a000, 0x51000000)
   the space 70760K,  64% used [0x26550000, 0x291eb038, 0x291eb200, 0x2aa6a000)
 Metaspace       used 41423K, capacity 42696K, committed 42752K, reserved 43392K
Event: 161.381 GC heap after
Heap after GC invocations=83 (full 4):
 def new generation   total 31936K, used 775K [0x11000000, 0x132a0000, 0x26550000)
  eden space 28416K,   0% used [0x11000000, 0x11000000, 0x12bc0000)
  from space 3520K,  22% used [0x12f30000, 0x12ff1f98, 0x132a0000)
  to   space 3520K,   0% used [0x12bc0000, 0x12bc0000, 0x12f30000)
 tenured generation   total 70760K, used 46582K [0x26550000, 0x2aa6a000, 0x51000000)
   the space 70760K,  65% used [0x26550000, 0x292cda98, 0x292cdc00, 0x2aa6a000)
 Metaspace       used 41423K, capacity 42696K, committed 42752K, reserved 43392K
}
Event: 168.360 GC heap before
{Heap before GC invocations=83 (full 4):
 def new generation   total 31936K, used 29191K [0x11000000, 0x132a0000, 0x26550000)
  eden space 28416K, 100% used [0x11000000, 0x12bc0000, 0x12bc0000)
  from space 3520K,  22% used [0x12f30000, 0x12ff1f98, 0x132a0000)
  to   space 3520K,   0% used [0x12bc0000, 0x12bc0000, 0x12f30000)
 tenured generation   total 70760K, used 46582K [0x26550000, 0x2aa6a000, 0x51000000)
   the space 70760K,  65% used [0x26550000, 0x292cda98, 0x292cdc00, 0x2aa6a000)
 Metaspace       used 42141K, capacity 43376K, committed 43392K, reserved 43392K
Event: 168.392 GC heap after
Heap after GC invocations=84 (full 4):
 def new generation   total 31936K, used 3520K [0x11000000, 0x132a0000, 0x26550000)
  eden space 28416K,   0% used [0x11000000, 0x11000000, 0x12bc0000)
  from space 3520K, 100% used [0x12bc0000, 0x12f30000, 0x12f30000)
  to   space 3520K,   0% used [0x12f30000, 0x12f30000, 0x132a0000)
 tenured generation   total 70760K, used 47109K [0x26550000, 0x2aa6a000, 0x51000000)
   the space 70760K,  66% used [0x26550000, 0x293516e0, 0x29351800, 0x2aa6a000)
 Metaspace       used 42141K, capacity 43376K, committed 43392K, reserved 43392K
}
Event: 200.574 GC heap before
{Heap before GC invocations=84 (full 4):
 def new generation   total 31936K, used 31936K [0x11000000, 0x132a0000, 0x26550000)
  eden space 28416K, 100% used [0x11000000, 0x12bc0000, 0x12bc0000)
  from space 3520K, 100% used [0x12bc0000, 0x12f30000, 0x12f30000)
  to   space 3520K,   0% used [0x12f30000, 0x12f30000, 0x132a0000)
 tenured generation   total 70760K, used 47109K [0x26550000, 0x2aa6a000, 0x51000000)
   the space 70760K,  66% used [0x26550000, 0x293516e0, 0x29351800, 0x2aa6a000)
 Metaspace       used 42685K, capacity 43935K, committed 44032K, reserved 44416K
Event: 200.616 GC heap after
Heap after GC invocations=85 (full 4):
 def new generation   total 31936K, used 3520K [0x11000000, 0x132a0000, 0x26550000)
  eden space 28416K,   0% used [0x11000000, 0x11000000, 0x12bc0000)
  from space 3520K, 100% used [0x12f30000, 0x132a0000, 0x132a0000)
  to   space 3520K,   0% used [0x12bc0000, 0x12bc0000, 0x12f30000)
 tenured generation   total 70760K, used 50894K [0x26550000, 0x2aa6a000, 0x51000000)
   the space 70760K,  71% used [0x26550000, 0x297038c8, 0x29703a00, 0x2aa6a000)
 Metaspace       used 42685K, capacity 43935K, committed 44032K, reserved 44416K
}
Event: 204.824 GC heap before
{Heap before GC invocations=85 (full 4):
 def new generation   total 31936K, used 31936K [0x11000000, 0x132a0000, 0x26550000)
  eden space 28416K, 100% used [0x11000000, 0x12bc0000, 0x12bc0000)
  from space 3520K, 100% used [0x12f30000, 0x132a0000, 0x132a0000)
  to   space 3520K,   0% used [0x12bc0000, 0x12bc0000, 0x12f30000)
 tenured generation   total 70760K, used 50894K [0x26550000, 0x2aa6a000, 0x51000000)
   the space 70760K,  71% used [0x26550000, 0x297038c8, 0x29703a00, 0x2aa6a000)
 Metaspace       used 42944K, capacity 44202K, committed 44288K, reserved 44416K
Event: 204.864 GC heap after
Heap after GC invocations=86 (full 4):
 def new generation   total 31936K, used 3209K [0x11000000, 0x132a0000, 0x26550000)
  eden space 28416K,   0% used [0x11000000, 0x11000000, 0x12bc0000)
  from space 3520K,  91% used [0x12bc0000, 0x12ee25a0, 0x12f30000)
  to   space 3520K,   0% used [0x12f30000, 0x12f30000, 0x132a0000)
 tenured generation   total 70760K, used 54370K [0x26550000, 0x2aa6a000, 0x51000000)
   the space 70760K,  76% used [0x26550000, 0x29a68850, 0x29a68a00, 0x2aa6a000)
 Metaspace       used 42944K, capacity 44202K, committed 44288K, reserved 44416K
}

Deoptimization events (10 events):
Event: 205.102 Thread 0x52de0000 Uncommon trap: reason=class_check action=maybe_recompile pc=0x021309bc method=java.lang.AbstractStringBuilder.append(Ljava/lang/CharSequence;II)Ljava/lang/AbstractStringBuilder; @ 18
Event: 205.104 Thread 0x52de0000 Uncommon trap: reason=class_check action=maybe_recompile pc=0x02950dd4 method=java.lang.AbstractStringBuilder.append(Ljava/lang/CharSequence;)Ljava/lang/AbstractStringBuilder; @ 26
Event: 205.104 Thread 0x52de0000 Uncommon trap: reason=class_check action=maybe_recompile pc=0x021309bc method=java.lang.AbstractStringBuilder.append(Ljava/lang/CharSequence;II)Ljava/lang/AbstractStringBuilder; @ 18
Event: 205.227 Thread 0x52969000 Uncommon trap: reason=unstable_if action=reinterpret pc=0x02f897c8 method=com.sun.org.apache.xerces.internal.dom.ChildNode.parentNode()Lcom/sun/org/apache/xerces/internal/dom/NodeImpl; @ 4
Event: 205.254 Thread 0x52de0000 Uncommon trap: reason=bimorphic action=maybe_recompile pc=0x033a6a6c method=com.sun.org.apache.xerces.internal.parsers.AbstractSAXParser.endNamespaceMapping()V @ 35
Event: 205.401 Thread 0x52969000 Uncommon trap: reason=unstable_if action=reinterpret pc=0x02f80304 method=com.sun.org.apache.xerces.internal.dom.NodeImpl.isOwned(Z)V @ 2
Event: 205.443 Thread 0x52969000 Uncommon trap: reason=null_check action=make_not_entrant pc=0x021bba40 method=com.android.ide.common.res2.NodeUtils.processSingleNodeNamespace(Lorg/w3c/dom/Node;Lorg/w3c/dom/Document;)Z @ 8
Event: 205.516 Thread 0x52969000 Uncommon trap: reason=unstable_if action=reinterpret pc=0x034020dc method=java.io.File.equals(Ljava/lang/Object;)Z @ 1
Event: 205.997 Thread 0x52969000 Uncommon trap: reason=unstable_if action=reinterpret pc=0x030ec100 method=sun.nio.cs.UTF_8$Encoder.encodeArrayLoop(Ljava/nio/CharBuffer;Ljava/nio/ByteBuffer;)Ljava/nio/charset/CoderResult; @ 87
Event: 206.046 Thread 0x52969000 Uncommon trap: reason=unstable_if action=reinterpret pc=0x030dfbf4 method=sun.nio.cs.UTF_8$Encoder.encodeArrayLoop(Ljava/nio/CharBuffer;Ljava/nio/ByteBuffer;)Ljava/nio/charset/CoderResult; @ 113

Classes redefined (0 events):
No events

Internal exceptions (10 events):
Event: 204.300 Thread 0x52969000 Exception <a 'java/lang/NoSuchMethodError': <clinit>> (0x123910d8) thrown at [D:\src\AOSP-openjdk-cygwin\jdk8u\hotspot\src\share\vm\prims\jni.cpp, line 1613]
Event: 204.303 Thread 0x52969000 Exception <a 'java/lang/NoSuchMethodError': <clinit>> (0x123b7110) thrown at [D:\src\AOSP-openjdk-cygwin\jdk8u\hotspot\src\share\vm\prims\jni.cpp, line 1613]
Event: 204.303 Thread 0x52969000 Exception <a 'java/lang/NoSuchMethodError': <clinit>> (0x123bee18) thrown at [D:\src\AOSP-openjdk-cygwin\jdk8u\hotspot\src\share\vm\prims\jni.cpp, line 1613]
Event: 204.304 Thread 0x52969000 Exception <a 'java/lang/NoSuchMethodError': <clinit>> (0x123c2160) thrown at [D:\src\AOSP-openjdk-cygwin\jdk8u\hotspot\src\share\vm\prims\jni.cpp, line 1613]
Event: 204.306 Thread 0x52969000 Exception <a 'java/lang/NoSuchMethodError': <clinit>> (0x123d8b50) thrown at [D:\src\AOSP-openjdk-cygwin\jdk8u\hotspot\src\share\vm\prims\jni.cpp, line 1613]
Event: 204.309 Thread 0x52969000 Exception <a 'java/lang/NoSuchMethodError': <clinit>> (0x123f5fa8) thrown at [D:\src\AOSP-openjdk-cygwin\jdk8u\hotspot\src\share\vm\prims\jni.cpp, line 1613]
Event: 204.309 Thread 0x52969000 Exception <a 'java/lang/NoSuchMethodError': <clinit>> (0x123f8e28) thrown at [D:\src\AOSP-openjdk-cygwin\jdk8u\hotspot\src\share\vm\prims\jni.cpp, line 1613]
Event: 204.310 Thread 0x52969000 Exception <a 'java/lang/NoSuchMethodError': <clinit>> (0x12409d88) thrown at [D:\src\AOSP-openjdk-cygwin\jdk8u\hotspot\src\share\vm\prims\jni.cpp, line 1613]
Event: 205.443 Thread 0x52969000 Implicit null exception at 0x021bb968 to 0x021bba30
Event: 205.516 Thread 0x52969000 Implicit null exception at 0x03401b99 to 0x034020cd

Events (10 events):
Event: 207.465 loading class com/android/tools/aapt2/AutoValue_Aapt2Result$Builder done
Event: 207.465 loading class java/awt/image/PackedColorModel done
Event: 207.465 loading class java/awt/image/DirectColorModel done
Event: 207.465 loading class java/awt/color/ColorSpace
Event: 207.485 loading class com/android/tools/aapt2/AutoValue_Aapt2Result
Event: 207.485 loading class com/android/tools/aapt2/AutoValue_Aapt2Result done
Event: 207.486 Executing VM operation: RevokeBias
Event: 207.486 Executing VM operation: RevokeBias done
Event: 207.488 loading class java/awt/color/ColorSpace done
Event: 207.488 loading class java/awt/color/ICC_Profile


Dynamic libraries:
0x00ee0000 - 0x00f0d000 	H:\Android Studio Preview.3.0.Beta6\android-studio\jre\bin\java.exe
0x76f40000 - 0x7707c000 	C:\Windows\SYSTEM32\ntdll.dll
0x76860000 - 0x76934000 	C:\Windows\system32\kernel32.dll
0x75150000 - 0x7519a000 	C:\Windows\system32\KERNELBASE.dll
0x76ea0000 - 0x76f40000 	C:\Windows\system32\ADVAPI32.dll
0x763f0000 - 0x7649c000 	C:\Windows\system32\msvcrt.dll
0x76ba0000 - 0x76bb9000 	C:\Windows\SYSTEM32\sechost.dll
0x76cd0000 - 0x76d71000 	C:\Windows\system32\RPCRT4.dll
0x76ad0000 - 0x76b99000 	C:\Windows\system32\USER32.dll
0x76200000 - 0x7624e000 	C:\Windows\system32\GDI32.dll
0x76c20000 - 0x76c2a000 	C:\Windows\system32\LPK.dll
0x76c30000 - 0x76ccd000 	C:\Windows\system32\USP10.dll
0x74130000 - 0x742ce000 	C:\Windows\WinSxS\x86_microsoft.windows.common-controls_6595b64144ccf1df_6.0.7601.17514_none_41e6975e2bd6f2b2\COMCTL32.dll
0x76a60000 - 0x76ab7000 	C:\Windows\system32\SHLWAPI.dll
0x77120000 - 0x7713f000 	C:\Windows\system32\IMM32.DLL
0x76990000 - 0x76a5c000 	C:\Windows\system32\MSCTF.dll
0x653b0000 - 0x6546f000 	H:\Android Studio Preview.3.0.Beta6\android-studio\jre\jre\bin\msvcr100.dll
0x59d30000 - 0x5a311000 	H:\Android Studio Preview.3.0.Beta6\android-studio\jre\jre\bin\server\jvm.dll
0x70ff0000 - 0x70ff7000 	C:\Windows\system32\WSOCK32.dll
0x76540000 - 0x76575000 	C:\Windows\system32\WS2_32.dll
0x76ac0000 - 0x76ac6000 	C:\Windows\system32\NSI.dll
0x70f30000 - 0x70f62000 	C:\Windows\system32\WINMM.dll
0x74590000 - 0x74599000 	C:\Windows\system32\VERSION.dll
0x77110000 - 0x77115000 	C:\Windows\system32\PSAPI.DLL
0x72510000 - 0x7251c000 	H:\Android Studio Preview.3.0.Beta6\android-studio\jre\jre\bin\verify.dll
0x687a0000 - 0x687c2000 	H:\Android Studio Preview.3.0.Beta6\android-studio\jre\jre\bin\java.dll
0x68940000 - 0x68953000 	H:\Android Studio Preview.3.0.Beta6\android-studio\jre\jre\bin\zip.dll
0x755b0000 - 0x761fa000 	C:\Windows\system32\SHELL32.dll
0x75450000 - 0x755ac000 	C:\Windows\system32\ole32.dll
0x750d0000 - 0x750db000 	C:\Windows\system32\profapi.dll
0x6a4e0000 - 0x6a4f5000 	H:\Android Studio Preview.3.0.Beta6\android-studio\jre\jre\bin\net.dll
0x74b00000 - 0x74b3c000 	C:\Windows\system32\mswsock.dll
0x74c20000 - 0x74c26000 	C:\Windows\System32\wship6.dll
0x73150000 - 0x7315f000 	H:\Android Studio Preview.3.0.Beta6\android-studio\jre\jre\bin\nio.dll
0x6c740000 - 0x6c759000 	D:\Android\.gradle\native\25\windows-i386\native-platform.dll
0x6ecf0000 - 0x6ecfa000 	H:\Android Studio Preview.3.0.Beta6\android-studio\jre\jre\bin\management.dll
0x74b40000 - 0x74b56000 	C:\Windows\system32\CRYPTSP.dll
0x748f0000 - 0x7492b000 	C:\Windows\system32\rsaenh.dll
0x74730000 - 0x74747000 	C:\Windows\system32\USERENV.dll
0x75050000 - 0x7505c000 	C:\Windows\system32\CRYPTBASE.dll
0x73610000 - 0x7362c000 	C:\Windows\system32\IPHLPAPI.DLL
0x73600000 - 0x73607000 	C:\Windows\system32\WINNSI.DLL
0x6f8b0000 - 0x6f8bd000 	C:\Windows\system32\dhcpcsvc6.DLL
0x6f890000 - 0x6f8a2000 	C:\Windows\system32\dhcpcsvc.DLL
0x64b40000 - 0x64b58000 	D:\Temp\aapt2_5526606407678388457\libwinpthread-1.dll
0x63940000 - 0x63c05000 	D:\Temp\aapt2_5526606407678388457\libaapt2_jni.dll
0x64f70000 - 0x650b3000 	H:\Android Studio Preview.3.0.Beta6\android-studio\jre\jre\bin\awt.dll
0x77080000 - 0x7710f000 	C:\Windows\system32\OLEAUT32.dll
0x672a0000 - 0x6735a000 	C:\Windows\system32\d2d1.dll
0x70e30000 - 0x70f1b000 	C:\Windows\system32\dbghelp.dll

VM Arguments:
jvm_args: -Xmx1024m -Dfile.encoding=windows-1256 -Duser.country=US -Duser.language=en -Duser.variant 
java_command: org.gradle.launcher.daemon.bootstrap.GradleDaemon 4.1
java_class_path (initial): D:\Android\.gradle\wrapper\dists\gradle-4.1-all\bzyivzo6n839fup2jbap0tjew\gradle-4.1\lib\gradle-launcher-4.1.jar
Launcher Type: SUN_STANDARD

Environment Variables:
PATH=F:\Program Files\ActiveState Komodo IDE 11;C:\ProgramData\Oracle\Java\javapath;C:\Windows\system32;C:\Windows;C:\Windows\System32\Wbem;C:\Windows\System32\WindowsPowerShell\v1.0;D:\Program Files\Git\cmd;D:\Program Files\Universal Extractor;D:\Program Files\Universal Extractor\bin;
USERNAME=Mojtaba
OS=Windows_NT
PROCESSOR_IDENTIFIER=x86 Family 15 Model 79 Stepping 2, AuthenticAMD



---------------  S Y S T E M  ---------------

OS: Windows 7 Build 7601 (6.1.7601.17651)

CPU:total 1 (initial active 1) (1 cores per cpu, 1 threads per core) family 15 model 79 stepping 2, cmov, cx8, fxsr, mmx, sse, sse2, sse3, mmxext, 3dnowpref, tsc

Memory: 4k page, physical 2096440k(257420k free), swap 4192880k(1448240k free)

vm_info: OpenJDK Server VM (25.152-b01) for windows-x86 JRE (1.8.0_152-release-915-b01), built by "builder" with MS VC++ 10.0 (VS2010)

time: Mon Feb 25 16:09:56 2019
elapsed time: 207 seconds (0d 0h 3m 27s)

